

*******************************************************************************
Tue Dec  4 09:21:53 2018


FIT:    data read from "algo_dyn_d2_0.temps" using 1:3
        format = x:z
        #datapoints = 877
        residuals are weighted equally (unit weight)

function used for fitting: y0=a0*x**2+b0*x+c0
fitted parameters initialized with current variable values



 Iteration 0
 WSSR        : 2.02657e+27       delta(WSSR)/WSSR   : 0
 delta(WSSR) : 0                 limit for stopping : 1e-05
 lambda	  : 8.77649e+11

initial set of free parameter values

a0              = 1
b0              = 1
c0              = 1

After 15 iterations the fit converged.
final sum of squares of residuals : 0.0568316
rel. change during last iteration : -1.31863e-14

degrees of freedom    (FIT_NDF)                        : 874
rms of residuals      (FIT_STDFIT) = sqrt(WSSR/ndf)    : 0.00806379
variance of residuals (reduced chisquare) = WSSR/ndf   : 6.50247e-05

Final set of parameters            Asymptotic Standard Error
=======================            ==========================

a0              = -4.54149e-15     +/- 7.239e-16    (15.94%)
b0              = 2.6299e-07       +/- 1.99e-09     (0.7568%)
c0              = -0.000446872     +/- 0.0003008    (67.31%)


correlation matrix of the fit parameters:

               a0     b0     c0     
a0              1.000 
b0             -0.967  1.000 
c0              0.316 -0.377  1.000 


*******************************************************************************
Tue Dec  4 09:21:55 2018


FIT:    data read from "algo_dyn_d2_4.temps" using 1:3
        format = x:z
        #datapoints = 875
        residuals are weighted equally (unit weight)

function used for fitting: y4=a4*x**2+b4*x+c4
fitted parameters initialized with current variable values



 Iteration 0
 WSSR        : 2.02657e+27       delta(WSSR)/WSSR   : 0
 delta(WSSR) : 0                 limit for stopping : 1e-05
 lambda	  : 8.78651e+11

initial set of free parameter values

a4              = 1
b4              = 1
c4              = 1

After 15 iterations the fit converged.
final sum of squares of residuals : 0.138536
rel. change during last iteration : -4.80837e-15

degrees of freedom    (FIT_NDF)                        : 872
rms of residuals      (FIT_STDFIT) = sqrt(WSSR/ndf)    : 0.0126044
variance of residuals (reduced chisquare) = WSSR/ndf   : 0.000158872

Final set of parameters            Asymptotic Standard Error
=======================            ==========================

a4              = -6.08268e-16     +/- 1.132e-15    (186.1%)
b4              = 4.19747e-07      +/- 3.112e-09    (0.7413%)
c4              = 5.60797e-06      +/- 0.0004707    (8393%)


correlation matrix of the fit parameters:

               a4     b4     c4     
a4              1.000 
b4             -0.967  1.000 
c4              0.315 -0.377  1.000 


*******************************************************************************
Tue Dec  4 09:21:57 2018


FIT:    data read from "algo_dyn_d2_8.temps" using 1:3
        format = x:z
        #datapoints = 849
        residuals are weighted equally (unit weight)

function used for fitting: y8=a8*x**2+b8*x+c8
fitted parameters initialized with current variable values



 Iteration 0
 WSSR        : 2.02657e+27       delta(WSSR)/WSSR   : 0
 delta(WSSR) : 0                 limit for stopping : 1e-05
 lambda	  : 8.92004e+11

initial set of free parameter values

a8              = 1
b8              = 1
c8              = 1

After 14 iterations the fit converged.
final sum of squares of residuals : 10.5059
rel. change during last iteration : -7.81658e-07

degrees of freedom    (FIT_NDF)                        : 846
rms of residuals      (FIT_STDFIT) = sqrt(WSSR/ndf)    : 0.111437
variance of residuals (reduced chisquare) = WSSR/ndf   : 0.0124183

Final set of parameters            Asymptotic Standard Error
=======================            ==========================

a8              = 2.39489e-14      +/- 1.003e-14    (41.86%)
b8              = 6.28184e-07      +/- 2.758e-08    (4.391%)
c8              = 0.00103559       +/- 0.004239     (409.3%)


correlation matrix of the fit parameters:

               a8     b8     c8     
a8              1.000 
b8             -0.968  1.000 
c8              0.320 -0.383  1.000 


*******************************************************************************
Tue Dec  4 09:21:59 2018


FIT:    data read from "algo_dyn_d2_12.temps" using 1:3
        format = x:z
        #datapoints = 737
        residuals are weighted equally (unit weight)

function used for fitting: y12=a12*x**2+b12*x+c12
fitted parameters initialized with current variable values



 Iteration 0
 WSSR        : 2.02657e+27       delta(WSSR)/WSSR   : 0
 delta(WSSR) : 0                 limit for stopping : 1e-05
 lambda	  : 9.57385e+11

initial set of free parameter values

a12             = 1
b12             = 1
c12             = 1

After 15 iterations the fit converged.
final sum of squares of residuals : 0.413977
rel. change during last iteration : -1.43479e-14

degrees of freedom    (FIT_NDF)                        : 734
rms of residuals      (FIT_STDFIT) = sqrt(WSSR/ndf)    : 0.0237487
variance of residuals (reduced chisquare) = WSSR/ndf   : 0.000564002

Final set of parameters            Asymptotic Standard Error
=======================            ==========================

a12             = -1.15538e-14     +/- 2.157e-15    (18.67%)
b12             = 9.23492e-07      +/- 5.958e-09    (0.6452%)
c12             = -0.00151211      +/- 0.0009862    (65.22%)


correlation matrix of the fit parameters:

               a12    b12    c12    
a12             1.000 
b12            -0.968  1.000 
c12             0.345 -0.411  1.000 
