

*******************************************************************************
Tue Dec  4 09:36:49 2018


FIT:    data read from "algo_dyn_d3_0.temps" using 1:3
        format = x:z
        #datapoints = 69
        residuals are weighted equally (unit weight)

function used for fitting: y0=a0*x**2+b0*x+c0
fitted parameters initialized with current variable values



 Iteration 0
 WSSR        : 2.02656e+27       delta(WSSR)/WSSR   : 0
 delta(WSSR) : 0                 limit for stopping : 1e-05
 lambda	  : 3.12892e+12

initial set of free parameter values

a0              = 1
b0              = 1
c0              = 1

After 4 iterations the fit converged.
final sum of squares of residuals : 1.7479e+13
rel. change during last iteration : -3.57075e-06

degrees of freedom    (FIT_NDF)                        : 66
rms of residuals      (FIT_STDFIT) = sqrt(WSSR/ndf)    : 514620
variance of residuals (reduced chisquare) = WSSR/ndf   : 2.64834e+11

Final set of parameters            Asymptotic Standard Error
=======================            ==========================

a0              = -3.59736e-07     +/- 6.987e-08    (19.42%)
b0              = 0.999998         +/- 0.2523       (25.23%)
c0              = 1                +/- 1.914e+05    (1.914e+07%)


correlation matrix of the fit parameters:

               a0     b0     c0     
a0              1.000 
b0             -0.969  1.000 
c0              0.756 -0.873  1.000 


*******************************************************************************
Tue Dec  4 09:36:49 2018


FIT:    data read from "algo_dyn_d3_4.temps" using 1:3
        format = x:z
        #datapoints = 69
        residuals are weighted equally (unit weight)

function used for fitting: y4=a4*x**2+b4*x+c4
fitted parameters initialized with current variable values



 Iteration 0
 WSSR        : 2.02656e+27       delta(WSSR)/WSSR   : 0
 delta(WSSR) : 0                 limit for stopping : 1e-05
 lambda	  : 3.12892e+12

initial set of free parameter values

a4              = 1
b4              = 1
c4              = 1

After 4 iterations the fit converged.
final sum of squares of residuals : 1.7479e+13
rel. change during last iteration : -3.57075e-06

degrees of freedom    (FIT_NDF)                        : 66
rms of residuals      (FIT_STDFIT) = sqrt(WSSR/ndf)    : 514620
variance of residuals (reduced chisquare) = WSSR/ndf   : 2.64834e+11

Final set of parameters            Asymptotic Standard Error
=======================            ==========================

a4              = -3.59736e-07     +/- 6.987e-08    (19.42%)
b4              = 0.999998         +/- 0.2523       (25.23%)
c4              = 1                +/- 1.914e+05    (1.914e+07%)


correlation matrix of the fit parameters:

               a4     b4     c4     
a4              1.000 
b4             -0.969  1.000 
c4              0.756 -0.873  1.000 


*******************************************************************************
Tue Dec  4 09:36:49 2018


FIT:    data read from "algo_dyn_d3_8.temps" using 1:3
        format = x:z
        #datapoints = 69
        residuals are weighted equally (unit weight)

function used for fitting: y8=a8*x**2+b8*x+c8
fitted parameters initialized with current variable values



 Iteration 0
 WSSR        : 2.02656e+27       delta(WSSR)/WSSR   : 0
 delta(WSSR) : 0                 limit for stopping : 1e-05
 lambda	  : 3.12892e+12

initial set of free parameter values

a8              = 1
b8              = 1
c8              = 1

After 4 iterations the fit converged.
final sum of squares of residuals : 1.7479e+13
rel. change during last iteration : -3.57075e-06

degrees of freedom    (FIT_NDF)                        : 66
rms of residuals      (FIT_STDFIT) = sqrt(WSSR/ndf)    : 514620
variance of residuals (reduced chisquare) = WSSR/ndf   : 2.64834e+11

Final set of parameters            Asymptotic Standard Error
=======================            ==========================

a8              = -3.59736e-07     +/- 6.987e-08    (19.42%)
b8              = 0.999998         +/- 0.2523       (25.23%)
c8              = 1                +/- 1.914e+05    (1.914e+07%)


correlation matrix of the fit parameters:

               a8     b8     c8     
a8              1.000 
b8             -0.969  1.000 
c8              0.756 -0.873  1.000 


*******************************************************************************
Tue Dec  4 09:36:49 2018


FIT:    data read from "algo_dyn_d3_12.temps" using 1:3
        format = x:z
        #datapoints = 59
        residuals are weighted equally (unit weight)

function used for fitting: y12=a12*x**2+b12*x+c12
fitted parameters initialized with current variable values



 Iteration 0
 WSSR        : 2.0264e+27        delta(WSSR)/WSSR   : 0
 delta(WSSR) : 0                 limit for stopping : 1e-05
 lambda	  : 3.38358e+12

initial set of free parameter values

a12             = 1
b12             = 1
c12             = 1

After 4 iterations the fit converged.
final sum of squares of residuals : 1.6768e+13
rel. change during last iteration : -2.92929e-06

degrees of freedom    (FIT_NDF)                        : 56
rms of residuals      (FIT_STDFIT) = sqrt(WSSR/ndf)    : 547201
variance of residuals (reduced chisquare) = WSSR/ndf   : 2.99429e+11

Final set of parameters            Asymptotic Standard Error
=======================            ==========================

a12             = -3.59578e-07     +/- 1.099e-07    (30.57%)
b12             = 0.999998         +/- 0.4475       (44.75%)
c12             = 1                +/- 4.033e+05    (4.033e+07%)


correlation matrix of the fit parameters:

               a12    b12    c12    
a12             1.000 
b12            -0.982  1.000 
c12             0.893 -0.954  1.000 


*******************************************************************************
Tue Dec  4 09:40:54 2018


FIT:    data read from "algo_dyn_d3_0.temps" using 1:3
        format = x:z
        #datapoints = 69
        residuals are weighted equally (unit weight)

function used for fitting: y0=a0*x**2+b0*x+c0
fitted parameters initialized with current variable values



 Iteration 0
 WSSR        : 2.02656e+27       delta(WSSR)/WSSR   : 0
 delta(WSSR) : 0                 limit for stopping : 1e-05
 lambda	  : 3.12892e+12

initial set of free parameter values

a0              = 1
b0              = 1
c0              = 1

After 4 iterations the fit converged.
final sum of squares of residuals : 1.7479e+13
rel. change during last iteration : -3.57075e-06

degrees of freedom    (FIT_NDF)                        : 66
rms of residuals      (FIT_STDFIT) = sqrt(WSSR/ndf)    : 514620
variance of residuals (reduced chisquare) = WSSR/ndf   : 2.64834e+11

Final set of parameters            Asymptotic Standard Error
=======================            ==========================

a0              = -3.59736e-07     +/- 6.987e-08    (19.42%)
b0              = 0.999998         +/- 0.2523       (25.23%)
c0              = 1                +/- 1.914e+05    (1.914e+07%)


correlation matrix of the fit parameters:

               a0     b0     c0     
a0              1.000 
b0             -0.969  1.000 
c0              0.756 -0.873  1.000 


*******************************************************************************
Tue Dec  4 09:40:54 2018


FIT:    data read from "algo_dyn_d3_2.temps" using 1:3
        format = x:z
        #datapoints = 69
        residuals are weighted equally (unit weight)

function used for fitting: y4=a4*x**2+b4*x+c4
fitted parameters initialized with current variable values



 Iteration 0
 WSSR        : 2.02656e+27       delta(WSSR)/WSSR   : 0
 delta(WSSR) : 0                 limit for stopping : 1e-05
 lambda	  : 3.12892e+12

initial set of free parameter values

a4              = 1
b4              = 1
c4              = 1

After 4 iterations the fit converged.
final sum of squares of residuals : 1.7479e+13
rel. change during last iteration : -3.57075e-06

degrees of freedom    (FIT_NDF)                        : 66
rms of residuals      (FIT_STDFIT) = sqrt(WSSR/ndf)    : 514620
variance of residuals (reduced chisquare) = WSSR/ndf   : 2.64834e+11

Final set of parameters            Asymptotic Standard Error
=======================            ==========================

a4              = -3.59736e-07     +/- 6.987e-08    (19.42%)
b4              = 0.999998         +/- 0.2523       (25.23%)
c4              = 1                +/- 1.914e+05    (1.914e+07%)


correlation matrix of the fit parameters:

               a4     b4     c4     
a4              1.000 
b4             -0.969  1.000 
c4              0.756 -0.873  1.000 


*******************************************************************************
Tue Dec  4 09:40:54 2018


FIT:    data read from "algo_dyn_d3_5.temps" using 1:3
        format = x:z
        #datapoints = 69
        residuals are weighted equally (unit weight)

function used for fitting: y8=a8*x**2+b8*x+c8
fitted parameters initialized with current variable values



 Iteration 0
 WSSR        : 2.02656e+27       delta(WSSR)/WSSR   : 0
 delta(WSSR) : 0                 limit for stopping : 1e-05
 lambda	  : 3.12892e+12

initial set of free parameter values

a8              = 1
b8              = 1
c8              = 1

After 4 iterations the fit converged.
final sum of squares of residuals : 1.7479e+13
rel. change during last iteration : -3.57075e-06

degrees of freedom    (FIT_NDF)                        : 66
rms of residuals      (FIT_STDFIT) = sqrt(WSSR/ndf)    : 514620
variance of residuals (reduced chisquare) = WSSR/ndf   : 2.64834e+11

Final set of parameters            Asymptotic Standard Error
=======================            ==========================

a8              = -3.59736e-07     +/- 6.987e-08    (19.42%)
b8              = 0.999998         +/- 0.2523       (25.23%)
c8              = 1                +/- 1.914e+05    (1.914e+07%)


correlation matrix of the fit parameters:

               a8     b8     c8     
a8              1.000 
b8             -0.969  1.000 
c8              0.756 -0.873  1.000 


*******************************************************************************
Tue Dec  4 09:40:54 2018


FIT:    data read from "algo_dyn_d3_8.temps" using 1:3
        format = x:z
        #datapoints = 69
        residuals are weighted equally (unit weight)

function used for fitting: y12=a12*x**2+b12*x+c12
fitted parameters initialized with current variable values



 Iteration 0
 WSSR        : 2.02656e+27       delta(WSSR)/WSSR   : 0
 delta(WSSR) : 0                 limit for stopping : 1e-05
 lambda	  : 3.12892e+12

initial set of free parameter values

a12             = 1
b12             = 1
c12             = 1

After 4 iterations the fit converged.
final sum of squares of residuals : 1.7479e+13
rel. change during last iteration : -3.57075e-06

degrees of freedom    (FIT_NDF)                        : 66
rms of residuals      (FIT_STDFIT) = sqrt(WSSR/ndf)    : 514620
variance of residuals (reduced chisquare) = WSSR/ndf   : 2.64834e+11

Final set of parameters            Asymptotic Standard Error
=======================            ==========================

a12             = -3.59736e-07     +/- 6.987e-08    (19.42%)
b12             = 0.999998         +/- 0.2523       (25.23%)
c12             = 1                +/- 1.914e+05    (1.914e+07%)


correlation matrix of the fit parameters:

               a12    b12    c12    
a12             1.000 
b12            -0.969  1.000 
c12             0.756 -0.873  1.000 
