

*******************************************************************************
Tue Dec  4 10:09:46 2018


FIT:    data read from "algo_dyn_d4_0.temps" using 1:3
        format = x:z
        #datapoints = 69
        residuals are weighted equally (unit weight)

function used for fitting: y0=a0*x**2+b0*x+c0
fitted parameters initialized with current variable values



 Iteration 0
 WSSR        : 2.02656e+27       delta(WSSR)/WSSR   : 0
 delta(WSSR) : 0                 limit for stopping : 1e-05
 lambda	  : 3.12892e+12

initial set of free parameter values

a0              = 1
b0              = 1
c0              = 1

After 4 iterations the fit converged.
final sum of squares of residuals : 1.7479e+13
rel. change during last iteration : -3.57075e-06

degrees of freedom    (FIT_NDF)                        : 66
rms of residuals      (FIT_STDFIT) = sqrt(WSSR/ndf)    : 514620
variance of residuals (reduced chisquare) = WSSR/ndf   : 2.64834e+11

Final set of parameters            Asymptotic Standard Error
=======================            ==========================

a0              = -3.59736e-07     +/- 6.987e-08    (19.42%)
b0              = 0.999998         +/- 0.2523       (25.23%)
c0              = 1                +/- 1.914e+05    (1.914e+07%)


correlation matrix of the fit parameters:

               a0     b0     c0     
a0              1.000 
b0             -0.969  1.000 
c0              0.756 -0.873  1.000 


*******************************************************************************
Tue Dec  4 10:09:46 2018


FIT:    data read from "algo_dyn_d4_4.temps" using 1:3
        format = x:z
        #datapoints = 69
        residuals are weighted equally (unit weight)

function used for fitting: y4=a4*x**2+b4*x+c4
fitted parameters initialized with current variable values



 Iteration 0
 WSSR        : 2.02656e+27       delta(WSSR)/WSSR   : 0
 delta(WSSR) : 0                 limit for stopping : 1e-05
 lambda	  : 3.12892e+12

initial set of free parameter values

a4              = 1
b4              = 1
c4              = 1

After 4 iterations the fit converged.
final sum of squares of residuals : 1.7479e+13
rel. change during last iteration : -3.57075e-06

degrees of freedom    (FIT_NDF)                        : 66
rms of residuals      (FIT_STDFIT) = sqrt(WSSR/ndf)    : 514620
variance of residuals (reduced chisquare) = WSSR/ndf   : 2.64834e+11

Final set of parameters            Asymptotic Standard Error
=======================            ==========================

a4              = -3.59736e-07     +/- 6.987e-08    (19.42%)
b4              = 0.999998         +/- 0.2523       (25.23%)
c4              = 1                +/- 1.914e+05    (1.914e+07%)


correlation matrix of the fit parameters:

               a4     b4     c4     
a4              1.000 
b4             -0.969  1.000 
c4              0.756 -0.873  1.000 


*******************************************************************************
Tue Dec  4 10:09:46 2018


FIT:    data read from "algo_dyn_d4_8.temps" using 1:3
        format = x:z
        #datapoints = 68
        residuals are weighted equally (unit weight)

function used for fitting: y8=a8*x**2+b8*x+c8
fitted parameters initialized with current variable values



 Iteration 0
 WSSR        : 2.02656e+27       delta(WSSR)/WSSR   : 0
 delta(WSSR) : 0                 limit for stopping : 1e-05
 lambda	  : 3.15184e+12

initial set of free parameter values

a8              = 1
b8              = 1
c8              = 1

After 4 iterations the fit converged.
final sum of squares of residuals : 1.74766e+13
rel. change during last iteration : -3.51852e-06

degrees of freedom    (FIT_NDF)                        : 65
rms of residuals      (FIT_STDFIT) = sqrt(WSSR/ndf)    : 518528
variance of residuals (reduced chisquare) = WSSR/ndf   : 2.68871e+11

Final set of parameters            Asymptotic Standard Error
=======================            ==========================

a8              = -3.59736e-07     +/- 7.302e-08    (20.3%)
b8              = 0.999998         +/- 0.267        (26.7%)
c8              = 1                +/- 2.059e+05    (2.059e+07%)


correlation matrix of the fit parameters:

               a8     b8     c8     
a8              1.000 
b8             -0.971  1.000 
c8              0.776 -0.886  1.000 


*******************************************************************************
Tue Dec  4 10:09:46 2018


FIT:    data read from "algo_dyn_d4_12.temps" using 1:3
        format = x:z
BREAK:          No data to fit 



*******************************************************************************
Tue Dec  4 10:11:18 2018


FIT:    data read from "algo_dyn_d4_0.temps" using 1:3
        format = x:z
        #datapoints = 69
        residuals are weighted equally (unit weight)

function used for fitting: y0=a0*x**2+b0*x+c0
fitted parameters initialized with current variable values



 Iteration 0
 WSSR        : 2.02656e+27       delta(WSSR)/WSSR   : 0
 delta(WSSR) : 0                 limit for stopping : 1e-05
 lambda	  : 3.12892e+12

initial set of free parameter values

a0              = 1
b0              = 1
c0              = 1

After 4 iterations the fit converged.
final sum of squares of residuals : 1.7479e+13
rel. change during last iteration : -3.57075e-06

degrees of freedom    (FIT_NDF)                        : 66
rms of residuals      (FIT_STDFIT) = sqrt(WSSR/ndf)    : 514620
variance of residuals (reduced chisquare) = WSSR/ndf   : 2.64834e+11

Final set of parameters            Asymptotic Standard Error
=======================            ==========================

a0              = -3.59736e-07     +/- 6.987e-08    (19.42%)
b0              = 0.999998         +/- 0.2523       (25.23%)
c0              = 1                +/- 1.914e+05    (1.914e+07%)


correlation matrix of the fit parameters:

               a0     b0     c0     
a0              1.000 
b0             -0.969  1.000 
c0              0.756 -0.873  1.000 


*******************************************************************************
Tue Dec  4 10:11:18 2018


FIT:    data read from "algo_dyn_d4_4.temps" using 1:3
        format = x:z
        #datapoints = 69
        residuals are weighted equally (unit weight)

function used for fitting: y4=a4*x**2+b4*x+c4
fitted parameters initialized with current variable values



 Iteration 0
 WSSR        : 2.02656e+27       delta(WSSR)/WSSR   : 0
 delta(WSSR) : 0                 limit for stopping : 1e-05
 lambda	  : 3.12892e+12

initial set of free parameter values

a4              = 1
b4              = 1
c4              = 1

After 4 iterations the fit converged.
final sum of squares of residuals : 1.7479e+13
rel. change during last iteration : -3.57075e-06

degrees of freedom    (FIT_NDF)                        : 66
rms of residuals      (FIT_STDFIT) = sqrt(WSSR/ndf)    : 514620
variance of residuals (reduced chisquare) = WSSR/ndf   : 2.64834e+11

Final set of parameters            Asymptotic Standard Error
=======================            ==========================

a4              = -3.59736e-07     +/- 6.987e-08    (19.42%)
b4              = 0.999998         +/- 0.2523       (25.23%)
c4              = 1                +/- 1.914e+05    (1.914e+07%)


correlation matrix of the fit parameters:

               a4     b4     c4     
a4              1.000 
b4             -0.969  1.000 
c4              0.756 -0.873  1.000 


*******************************************************************************
Tue Dec  4 10:11:18 2018


FIT:    data read from "algo_dyn_d4_8.temps" using 1:3
        format = x:z
        #datapoints = 68
        residuals are weighted equally (unit weight)

function used for fitting: y8=a8*x**2+b8*x+c8
fitted parameters initialized with current variable values



 Iteration 0
 WSSR        : 2.02656e+27       delta(WSSR)/WSSR   : 0
 delta(WSSR) : 0                 limit for stopping : 1e-05
 lambda	  : 3.15184e+12

initial set of free parameter values

a8              = 1
b8              = 1
c8              = 1

After 4 iterations the fit converged.
final sum of squares of residuals : 1.74766e+13
rel. change during last iteration : -3.51852e-06

degrees of freedom    (FIT_NDF)                        : 65
rms of residuals      (FIT_STDFIT) = sqrt(WSSR/ndf)    : 518528
variance of residuals (reduced chisquare) = WSSR/ndf   : 2.68871e+11

Final set of parameters            Asymptotic Standard Error
=======================            ==========================

a8              = -3.59736e-07     +/- 7.302e-08    (20.3%)
b8              = 0.999998         +/- 0.267        (26.7%)
c8              = 1                +/- 2.059e+05    (2.059e+07%)


correlation matrix of the fit parameters:

               a8     b8     c8     
a8              1.000 
b8             -0.971  1.000 
c8              0.776 -0.886  1.000 


*******************************************************************************
Tue Dec  4 10:11:18 2018


FIT:    data read from "algo_dyn_d4_12.temps" using 1:3
        format = x:z
BREAK:          No data to fit 



*******************************************************************************
Tue Dec  4 10:12:22 2018


FIT:    data read from "algo_dyn_d4_0.temps" using 1:3
        format = x:z
        #datapoints = 69
        residuals are weighted equally (unit weight)

function used for fitting: y0=a0*x**2+b0*x+c0
fitted parameters initialized with current variable values



 Iteration 0
 WSSR        : 2.02656e+27       delta(WSSR)/WSSR   : 0
 delta(WSSR) : 0                 limit for stopping : 1e-05
 lambda	  : 3.12892e+12

initial set of free parameter values

a0              = 1
b0              = 1
c0              = 1

After 4 iterations the fit converged.
final sum of squares of residuals : 1.7479e+13
rel. change during last iteration : -3.57075e-06

degrees of freedom    (FIT_NDF)                        : 66
rms of residuals      (FIT_STDFIT) = sqrt(WSSR/ndf)    : 514620
variance of residuals (reduced chisquare) = WSSR/ndf   : 2.64834e+11

Final set of parameters            Asymptotic Standard Error
=======================            ==========================

a0              = -3.59736e-07     +/- 6.987e-08    (19.42%)
b0              = 0.999998         +/- 0.2523       (25.23%)
c0              = 1                +/- 1.914e+05    (1.914e+07%)


correlation matrix of the fit parameters:

               a0     b0     c0     
a0              1.000 
b0             -0.969  1.000 
c0              0.756 -0.873  1.000 


*******************************************************************************
Tue Dec  4 10:12:22 2018


FIT:    data read from "algo_dyn_d4_4.temps" using 1:3
        format = x:z
        #datapoints = 69
        residuals are weighted equally (unit weight)

function used for fitting: y4=a4*x**2+b4*x+c4
fitted parameters initialized with current variable values



 Iteration 0
 WSSR        : 2.02656e+27       delta(WSSR)/WSSR   : 0
 delta(WSSR) : 0                 limit for stopping : 1e-05
 lambda	  : 3.12892e+12

initial set of free parameter values

a4              = 1
b4              = 1
c4              = 1

After 4 iterations the fit converged.
final sum of squares of residuals : 1.7479e+13
rel. change during last iteration : -3.57075e-06

degrees of freedom    (FIT_NDF)                        : 66
rms of residuals      (FIT_STDFIT) = sqrt(WSSR/ndf)    : 514620
variance of residuals (reduced chisquare) = WSSR/ndf   : 2.64834e+11

Final set of parameters            Asymptotic Standard Error
=======================            ==========================

a4              = -3.59736e-07     +/- 6.987e-08    (19.42%)
b4              = 0.999998         +/- 0.2523       (25.23%)
c4              = 1                +/- 1.914e+05    (1.914e+07%)


correlation matrix of the fit parameters:

               a4     b4     c4     
a4              1.000 
b4             -0.969  1.000 
c4              0.756 -0.873  1.000 


*******************************************************************************
Tue Dec  4 10:12:22 2018


FIT:    data read from "algo_dyn_d4_8.temps" using 1:3
        format = x:z
        #datapoints = 68
        residuals are weighted equally (unit weight)

function used for fitting: y8=a8*x**2+b8*x+c8
fitted parameters initialized with current variable values



 Iteration 0
 WSSR        : 2.02656e+27       delta(WSSR)/WSSR   : 0
 delta(WSSR) : 0                 limit for stopping : 1e-05
 lambda	  : 3.15184e+12

initial set of free parameter values

a8              = 1
b8              = 1
c8              = 1

After 4 iterations the fit converged.
final sum of squares of residuals : 1.74766e+13
rel. change during last iteration : -3.51852e-06

degrees of freedom    (FIT_NDF)                        : 65
rms of residuals      (FIT_STDFIT) = sqrt(WSSR/ndf)    : 518528
variance of residuals (reduced chisquare) = WSSR/ndf   : 2.68871e+11

Final set of parameters            Asymptotic Standard Error
=======================            ==========================

a8              = -3.59736e-07     +/- 7.302e-08    (20.3%)
b8              = 0.999998         +/- 0.267        (26.7%)
c8              = 1                +/- 2.059e+05    (2.059e+07%)


correlation matrix of the fit parameters:

               a8     b8     c8     
a8              1.000 
b8             -0.971  1.000 
c8              0.776 -0.886  1.000 


*******************************************************************************
Tue Dec  4 10:12:22 2018


FIT:    data read from "algo_dyn_d4_12.temps" using 1:3
        format = x:z
BREAK:          No data to fit 



*******************************************************************************
Tue Dec  4 10:15:06 2018


FIT:    data read from "algo_dyn_d4_0.temps" using 1:3
        format = x:z
        #datapoints = 69
        residuals are weighted equally (unit weight)

function used for fitting: y0=a0*x**2+b0*x+c0
fitted parameters initialized with current variable values



 Iteration 0
 WSSR        : 2.02656e+27       delta(WSSR)/WSSR   : 0
 delta(WSSR) : 0                 limit for stopping : 1e-05
 lambda	  : 3.12892e+12

initial set of free parameter values

a0              = 1
b0              = 1
c0              = 1

After 4 iterations the fit converged.
final sum of squares of residuals : 1.7479e+13
rel. change during last iteration : -3.57075e-06

degrees of freedom    (FIT_NDF)                        : 66
rms of residuals      (FIT_STDFIT) = sqrt(WSSR/ndf)    : 514620
variance of residuals (reduced chisquare) = WSSR/ndf   : 2.64834e+11

Final set of parameters            Asymptotic Standard Error
=======================            ==========================

a0              = -3.59736e-07     +/- 6.987e-08    (19.42%)
b0              = 0.999998         +/- 0.2523       (25.23%)
c0              = 1                +/- 1.914e+05    (1.914e+07%)


correlation matrix of the fit parameters:

               a0     b0     c0     
a0              1.000 
b0             -0.969  1.000 
c0              0.756 -0.873  1.000 


*******************************************************************************
Tue Dec  4 10:15:06 2018


FIT:    data read from "algo_dyn_d4_4.temps" using 1:3
        format = x:z
        #datapoints = 69
        residuals are weighted equally (unit weight)

function used for fitting: y4=a4*x**2+b4*x+c4
fitted parameters initialized with current variable values



 Iteration 0
 WSSR        : 2.02656e+27       delta(WSSR)/WSSR   : 0
 delta(WSSR) : 0                 limit for stopping : 1e-05
 lambda	  : 3.12892e+12

initial set of free parameter values

a4              = 1
b4              = 1
c4              = 1

After 4 iterations the fit converged.
final sum of squares of residuals : 1.7479e+13
rel. change during last iteration : -3.57075e-06

degrees of freedom    (FIT_NDF)                        : 66
rms of residuals      (FIT_STDFIT) = sqrt(WSSR/ndf)    : 514620
variance of residuals (reduced chisquare) = WSSR/ndf   : 2.64834e+11

Final set of parameters            Asymptotic Standard Error
=======================            ==========================

a4              = -3.59736e-07     +/- 6.987e-08    (19.42%)
b4              = 0.999998         +/- 0.2523       (25.23%)
c4              = 1                +/- 1.914e+05    (1.914e+07%)


correlation matrix of the fit parameters:

               a4     b4     c4     
a4              1.000 
b4             -0.969  1.000 
c4              0.756 -0.873  1.000 


*******************************************************************************
Tue Dec  4 10:15:06 2018


FIT:    data read from "algo_dyn_d4_8.temps" using 1:3
        format = x:z
        #datapoints = 68
        residuals are weighted equally (unit weight)

function used for fitting: y8=a8*x**2+b8*x+c8
fitted parameters initialized with current variable values



 Iteration 0
 WSSR        : 2.02656e+27       delta(WSSR)/WSSR   : 0
 delta(WSSR) : 0                 limit for stopping : 1e-05
 lambda	  : 3.15184e+12

initial set of free parameter values

a8              = 1
b8              = 1
c8              = 1

After 4 iterations the fit converged.
final sum of squares of residuals : 1.74766e+13
rel. change during last iteration : -3.51852e-06

degrees of freedom    (FIT_NDF)                        : 65
rms of residuals      (FIT_STDFIT) = sqrt(WSSR/ndf)    : 518528
variance of residuals (reduced chisquare) = WSSR/ndf   : 2.68871e+11

Final set of parameters            Asymptotic Standard Error
=======================            ==========================

a8              = -3.59736e-07     +/- 7.302e-08    (20.3%)
b8              = 0.999998         +/- 0.267        (26.7%)
c8              = 1                +/- 2.059e+05    (2.059e+07%)


correlation matrix of the fit parameters:

               a8     b8     c8     
a8              1.000 
b8             -0.971  1.000 
c8              0.776 -0.886  1.000 


*******************************************************************************
Tue Dec  4 10:26:08 2018


FIT:    data read from "algo_dyn_d4_0.temps" using 1:3
        format = x:z
        #datapoints = 69
        residuals are weighted equally (unit weight)

function used for fitting: y0=a0*x**2+b0*x+c0
fitted parameters initialized with current variable values



 Iteration 0
 WSSR        : 2.02656e+27       delta(WSSR)/WSSR   : 0
 delta(WSSR) : 0                 limit for stopping : 1e-05
 lambda	  : 3.12892e+12

initial set of free parameter values

a0              = 1
b0              = 1
c0              = 1

After 4 iterations the fit converged.
final sum of squares of residuals : 1.7479e+13
rel. change during last iteration : -3.57075e-06

degrees of freedom    (FIT_NDF)                        : 66
rms of residuals      (FIT_STDFIT) = sqrt(WSSR/ndf)    : 514620
variance of residuals (reduced chisquare) = WSSR/ndf   : 2.64834e+11

Final set of parameters            Asymptotic Standard Error
=======================            ==========================

a0              = -3.59736e-07     +/- 6.987e-08    (19.42%)
b0              = 0.999998         +/- 0.2523       (25.23%)
c0              = 1                +/- 1.914e+05    (1.914e+07%)


correlation matrix of the fit parameters:

               a0     b0     c0     
a0              1.000 
b0             -0.969  1.000 
c0              0.756 -0.873  1.000 


*******************************************************************************
Tue Dec  4 10:26:08 2018


FIT:    data read from "algo_dyn_d4_4.temps" using 1:3
        format = x:z
        #datapoints = 69
        residuals are weighted equally (unit weight)

function used for fitting: y4=a4*x**2+b4*x+c4
fitted parameters initialized with current variable values



 Iteration 0
 WSSR        : 2.02656e+27       delta(WSSR)/WSSR   : 0
 delta(WSSR) : 0                 limit for stopping : 1e-05
 lambda	  : 3.12892e+12

initial set of free parameter values

a4              = 1
b4              = 1
c4              = 1

After 4 iterations the fit converged.
final sum of squares of residuals : 1.7479e+13
rel. change during last iteration : -3.57075e-06

degrees of freedom    (FIT_NDF)                        : 66
rms of residuals      (FIT_STDFIT) = sqrt(WSSR/ndf)    : 514620
variance of residuals (reduced chisquare) = WSSR/ndf   : 2.64834e+11

Final set of parameters            Asymptotic Standard Error
=======================            ==========================

a4              = -3.59736e-07     +/- 6.987e-08    (19.42%)
b4              = 0.999998         +/- 0.2523       (25.23%)
c4              = 1                +/- 1.914e+05    (1.914e+07%)


correlation matrix of the fit parameters:

               a4     b4     c4     
a4              1.000 
b4             -0.969  1.000 
c4              0.756 -0.873  1.000 


*******************************************************************************
Tue Dec  4 10:26:08 2018


FIT:    data read from "algo_dyn_d4_8.temps" using 1:3
        format = x:z
        #datapoints = 68
        residuals are weighted equally (unit weight)

function used for fitting: y8=a8*x**2+b8*x+c8
fitted parameters initialized with current variable values



 Iteration 0
 WSSR        : 2.02656e+27       delta(WSSR)/WSSR   : 0
 delta(WSSR) : 0                 limit for stopping : 1e-05
 lambda	  : 3.15184e+12

initial set of free parameter values

a8              = 1
b8              = 1
c8              = 1

After 4 iterations the fit converged.
final sum of squares of residuals : 1.74766e+13
rel. change during last iteration : -3.51852e-06

degrees of freedom    (FIT_NDF)                        : 65
rms of residuals      (FIT_STDFIT) = sqrt(WSSR/ndf)    : 518528
variance of residuals (reduced chisquare) = WSSR/ndf   : 2.68871e+11

Final set of parameters            Asymptotic Standard Error
=======================            ==========================

a8              = -3.59736e-07     +/- 7.302e-08    (20.3%)
b8              = 0.999998         +/- 0.267        (26.7%)
c8              = 1                +/- 2.059e+05    (2.059e+07%)


correlation matrix of the fit parameters:

               a8     b8     c8     
a8              1.000 
b8             -0.971  1.000 
c8              0.776 -0.886  1.000 


*******************************************************************************
Tue Dec  4 10:29:24 2018


FIT:    data read from "algo_dyn_d4_0.temps" using 1:3
        format = x:z
        #datapoints = 69
        residuals are weighted equally (unit weight)

function used for fitting: y0=a0*x**2+b0*x+c0
fitted parameters initialized with current variable values



 Iteration 0
 WSSR        : 2.02656e+27       delta(WSSR)/WSSR   : 0
 delta(WSSR) : 0                 limit for stopping : 1e-05
 lambda	  : 3.12892e+12

initial set of free parameter values

a0              = 1
b0              = 1
c0              = 1

After 4 iterations the fit converged.
final sum of squares of residuals : 1.7479e+13
rel. change during last iteration : -3.57075e-06

degrees of freedom    (FIT_NDF)                        : 66
rms of residuals      (FIT_STDFIT) = sqrt(WSSR/ndf)    : 514620
variance of residuals (reduced chisquare) = WSSR/ndf   : 2.64834e+11

Final set of parameters            Asymptotic Standard Error
=======================            ==========================

a0              = -3.59736e-07     +/- 6.987e-08    (19.42%)
b0              = 0.999998         +/- 0.2523       (25.23%)
c0              = 1                +/- 1.914e+05    (1.914e+07%)


correlation matrix of the fit parameters:

               a0     b0     c0     
a0              1.000 
b0             -0.969  1.000 
c0              0.756 -0.873  1.000 


*******************************************************************************
Tue Dec  4 10:29:24 2018


FIT:    data read from "algo_dyn_d4_4.temps" using 1:3
        format = x:z
        #datapoints = 69
        residuals are weighted equally (unit weight)

function used for fitting: y4=a4*x**2+b4*x+c4
fitted parameters initialized with current variable values



 Iteration 0
 WSSR        : 2.02656e+27       delta(WSSR)/WSSR   : 0
 delta(WSSR) : 0                 limit for stopping : 1e-05
 lambda	  : 3.12892e+12

initial set of free parameter values

a4              = 1
b4              = 1
c4              = 1

After 4 iterations the fit converged.
final sum of squares of residuals : 1.7479e+13
rel. change during last iteration : -3.57075e-06

degrees of freedom    (FIT_NDF)                        : 66
rms of residuals      (FIT_STDFIT) = sqrt(WSSR/ndf)    : 514620
variance of residuals (reduced chisquare) = WSSR/ndf   : 2.64834e+11

Final set of parameters            Asymptotic Standard Error
=======================            ==========================

a4              = -3.59736e-07     +/- 6.987e-08    (19.42%)
b4              = 0.999998         +/- 0.2523       (25.23%)
c4              = 1                +/- 1.914e+05    (1.914e+07%)


correlation matrix of the fit parameters:

               a4     b4     c4     
a4              1.000 
b4             -0.969  1.000 
c4              0.756 -0.873  1.000 


*******************************************************************************
Tue Dec  4 10:29:24 2018


FIT:    data read from "algo_dyn_d4_8.temps" using 1:3
        format = x:z
        #datapoints = 68
        residuals are weighted equally (unit weight)

function used for fitting: y8=a8*x**2+b8*x+c8
fitted parameters initialized with current variable values



 Iteration 0
 WSSR        : 2.02656e+27       delta(WSSR)/WSSR   : 0
 delta(WSSR) : 0                 limit for stopping : 1e-05
 lambda	  : 3.15184e+12

initial set of free parameter values

a8              = 1
b8              = 1
c8              = 1

After 4 iterations the fit converged.
final sum of squares of residuals : 1.74766e+13
rel. change during last iteration : -3.51852e-06

degrees of freedom    (FIT_NDF)                        : 65
rms of residuals      (FIT_STDFIT) = sqrt(WSSR/ndf)    : 518528
variance of residuals (reduced chisquare) = WSSR/ndf   : 2.68871e+11

Final set of parameters            Asymptotic Standard Error
=======================            ==========================

a8              = -3.59736e-07     +/- 7.302e-08    (20.3%)
b8              = 0.999998         +/- 0.267        (26.7%)
c8              = 1                +/- 2.059e+05    (2.059e+07%)


correlation matrix of the fit parameters:

               a8     b8     c8     
a8              1.000 
b8             -0.971  1.000 
c8              0.776 -0.886  1.000 
